  源.cpp
d:\桌面\workfiles\codefiles\filing\myprojects\fifa\fifa开发文件\第二部分：球员交流文件\第二部分：球员交流文件\源.cpp(19): warning C4091: “typedef ”: 没有声明变量时忽略“Clock”的左侧
d:\桌面\workfiles\codefiles\filing\myprojects\fifa\fifa开发文件\第二部分：球员交流文件\第二部分：球员交流文件\源.cpp(37): warning C4091: “typedef ”: 没有声明变量时忽略“Player”的左侧
d:\桌面\workfiles\codefiles\filing\myprojects\fifa\fifa开发文件\第二部分：球员交流文件\第二部分：球员交流文件\源.cpp(50): warning C4091: “typedef ”: 没有声明变量时忽略“Ball”的左侧
d:\桌面\workfiles\codefiles\filing\myprojects\fifa\fifa开发文件\第二部分：球员交流文件\第二部分：球员交流文件\源.cpp(53): warning C4244: “初始化”: 从“double”转换到“int”，可能丢失数据
d:\桌面\workfiles\codefiles\filing\myprojects\fifa\fifa开发文件\第二部分：球员交流文件\第二部分：球员交流文件\源.cpp(104): warning C4244: “参数”: 从“double”转换到“float”，可能丢失数据
d:\桌面\workfiles\codefiles\filing\myprojects\fifa\fifa开发文件\第二部分：球员交流文件\第二部分：球员交流文件\源.cpp(105): warning C4244: “参数”: 从“double”转换到“float”，可能丢失数据
d:\桌面\workfiles\codefiles\filing\myprojects\fifa\fifa开发文件\第二部分：球员交流文件\第二部分：球员交流文件\源.cpp(118): warning C4244: “参数”: 从“double”转换到“float”，可能丢失数据
d:\桌面\workfiles\codefiles\filing\myprojects\fifa\fifa开发文件\第二部分：球员交流文件\第二部分：球员交流文件\源.cpp(119): warning C4244: “参数”: 从“double”转换到“float”，可能丢失数据
d:\桌面\workfiles\codefiles\filing\myprojects\fifa\fifa开发文件\第二部分：球员交流文件\第二部分：球员交流文件\源.cpp(330): warning C4244: “=”: 从“double”转换到“int”，可能丢失数据
d:\桌面\workfiles\codefiles\filing\myprojects\fifa\fifa开发文件\第二部分：球员交流文件\第二部分：球员交流文件\源.cpp(331): warning C4244: “=”: 从“double”转换到“int”，可能丢失数据
d:\桌面\workfiles\codefiles\filing\myprojects\fifa\fifa开发文件\第二部分：球员交流文件\第二部分：球员交流文件\源.cpp(341): warning C4244: “=”: 从“double”转换到“int”，可能丢失数据
d:\桌面\workfiles\codefiles\filing\myprojects\fifa\fifa开发文件\第二部分：球员交流文件\第二部分：球员交流文件\源.cpp(342): warning C4244: “=”: 从“double”转换到“int”，可能丢失数据
d:\桌面\workfiles\codefiles\filing\myprojects\fifa\fifa开发文件\第二部分：球员交流文件\第二部分：球员交流文件\源.cpp(475): warning C4244: “初始化”: 从“double”转换到“float”，可能丢失数据
d:\桌面\workfiles\codefiles\filing\myprojects\fifa\fifa开发文件\第二部分：球员交流文件\第二部分：球员交流文件\源.cpp(482): warning C4244: “return”: 从“double”转换到“float”，可能丢失数据
d:\桌面\workfiles\codefiles\filing\myprojects\fifa\fifa开发文件\第二部分：球员交流文件\第二部分：球员交流文件\源.cpp(543): warning C4244: “+=”: 从“double”转换到“int”，可能丢失数据
d:\桌面\workfiles\codefiles\filing\myprojects\fifa\fifa开发文件\第二部分：球员交流文件\第二部分：球员交流文件\源.cpp(553): warning C4244: “-=”: 从“double”转换到“int”，可能丢失数据
d:\桌面\workfiles\codefiles\filing\myprojects\fifa\fifa开发文件\第二部分：球员交流文件\第二部分：球员交流文件\源.cpp(583): warning C4244: “=”: 从“double”转换到“int”，可能丢失数据
d:\桌面\workfiles\codefiles\filing\myprojects\fifa\fifa开发文件\第二部分：球员交流文件\第二部分：球员交流文件\源.cpp(584): warning C4244: “=”: 从“double”转换到“int”，可能丢失数据
d:\桌面\workfiles\codefiles\filing\myprojects\fifa\fifa开发文件\第二部分：球员交流文件\第二部分：球员交流文件\源.cpp(585): warning C4244: “参数”: 从“double”转换到“float”，可能丢失数据
d:\桌面\workfiles\codefiles\filing\myprojects\fifa\fifa开发文件\第二部分：球员交流文件\第二部分：球员交流文件\源.cpp(586): warning C4244: “参数”: 从“double”转换到“float”，可能丢失数据
d:\桌面\workfiles\codefiles\filing\myprojects\fifa\fifa开发文件\第二部分：球员交流文件\第二部分：球员交流文件\源.cpp(590): warning C4244: “参数”: 从“double”转换到“float”，可能丢失数据
d:\桌面\workfiles\codefiles\filing\myprojects\fifa\fifa开发文件\第二部分：球员交流文件\第二部分：球员交流文件\源.cpp(591): warning C4244: “参数”: 从“double”转换到“float”，可能丢失数据
d:\桌面\workfiles\codefiles\filing\myprojects\fifa\fifa开发文件\第二部分：球员交流文件\第二部分：球员交流文件\源.cpp(638): warning C4244: “参数”: 从“double”转换到“float”，可能丢失数据
d:\桌面\workfiles\codefiles\filing\myprojects\fifa\fifa开发文件\第二部分：球员交流文件\第二部分：球员交流文件\源.cpp(639): warning C4244: “参数”: 从“double”转换到“float”，可能丢失数据
d:\桌面\workfiles\codefiles\filing\myprojects\fifa\fifa开发文件\第二部分：球员交流文件\第二部分：球员交流文件\源.cpp(714): warning C4244: “参数”: 从“double”转换到“int”，可能丢失数据
d:\桌面\workfiles\codefiles\filing\myprojects\fifa\fifa开发文件\第二部分：球员交流文件\第二部分：球员交流文件\源.cpp(716): warning C4244: “参数”: 从“double”转换到“int”，可能丢失数据
d:\桌面\workfiles\codefiles\filing\myprojects\fifa\fifa开发文件\第二部分：球员交流文件\第二部分：球员交流文件\源.cpp(717): warning C4244: “参数”: 从“double”转换到“int”，可能丢失数据
d:\桌面\workfiles\codefiles\filing\myprojects\fifa\fifa开发文件\第二部分：球员交流文件\第二部分：球员交流文件\源.cpp(740): warning C4244: “参数”: 从“double”转换到“int”，可能丢失数据
d:\桌面\workfiles\codefiles\filing\myprojects\fifa\fifa开发文件\第二部分：球员交流文件\第二部分：球员交流文件\源.cpp(741): warning C4244: “参数”: 从“double”转换到“int”，可能丢失数据
d:\桌面\workfiles\codefiles\filing\myprojects\fifa\fifa开发文件\第二部分：球员交流文件\第二部分：球员交流文件\源.cpp(744): warning C4244: “参数”: 从“double”转换到“int”，可能丢失数据
d:\桌面\workfiles\codefiles\filing\myprojects\fifa\fifa开发文件\第二部分：球员交流文件\第二部分：球员交流文件\源.cpp(745): warning C4244: “参数”: 从“double”转换到“int”，可能丢失数据
d:\桌面\workfiles\codefiles\filing\myprojects\fifa\fifa开发文件\第二部分：球员交流文件\第二部分：球员交流文件\源.cpp(749): warning C4244: “参数”: 从“double”转换到“int”，可能丢失数据
d:\桌面\workfiles\codefiles\filing\myprojects\fifa\fifa开发文件\第二部分：球员交流文件\第二部分：球员交流文件\源.cpp(750): warning C4244: “参数”: 从“double”转换到“int”，可能丢失数据
d:\桌面\workfiles\codefiles\filing\myprojects\fifa\fifa开发文件\第二部分：球员交流文件\第二部分：球员交流文件\源.cpp(754): warning C4244: “参数”: 从“double”转换到“int”，可能丢失数据
d:\桌面\workfiles\codefiles\filing\myprojects\fifa\fifa开发文件\第二部分：球员交流文件\第二部分：球员交流文件\源.cpp(755): warning C4244: “参数”: 从“double”转换到“int”，可能丢失数据
d:\桌面\workfiles\codefiles\filing\myprojects\fifa\fifa开发文件\第二部分：球员交流文件\第二部分：球员交流文件\源.cpp(758): warning C4244: “参数”: 从“double”转换到“int”，可能丢失数据
d:\桌面\workfiles\codefiles\filing\myprojects\fifa\fifa开发文件\第二部分：球员交流文件\第二部分：球员交流文件\源.cpp(759): warning C4244: “参数”: 从“double”转换到“int”，可能丢失数据
d:\桌面\workfiles\codefiles\filing\myprojects\fifa\fifa开发文件\第二部分：球员交流文件\第二部分：球员交流文件\源.cpp(763): warning C4244: “参数”: 从“double”转换到“int”，可能丢失数据
d:\桌面\workfiles\codefiles\filing\myprojects\fifa\fifa开发文件\第二部分：球员交流文件\第二部分：球员交流文件\源.cpp(764): warning C4244: “参数”: 从“double”转换到“int”，可能丢失数据
d:\桌面\workfiles\codefiles\filing\myprojects\fifa\fifa开发文件\第二部分：球员交流文件\第二部分：球员交流文件\源.cpp(768): warning C4244: “参数”: 从“double”转换到“int”，可能丢失数据
d:\桌面\workfiles\codefiles\filing\myprojects\fifa\fifa开发文件\第二部分：球员交流文件\第二部分：球员交流文件\源.cpp(769): warning C4244: “参数”: 从“double”转换到“int”，可能丢失数据
d:\桌面\workfiles\codefiles\filing\myprojects\fifa\fifa开发文件\第二部分：球员交流文件\第二部分：球员交流文件\源.cpp(772): warning C4244: “参数”: 从“double”转换到“int”，可能丢失数据
d:\桌面\workfiles\codefiles\filing\myprojects\fifa\fifa开发文件\第二部分：球员交流文件\第二部分：球员交流文件\源.cpp(773): warning C4244: “参数”: 从“double”转换到“int”，可能丢失数据
d:\桌面\workfiles\codefiles\filing\myprojects\fifa\fifa开发文件\第二部分：球员交流文件\第二部分：球员交流文件\源.cpp(776): warning C4244: “参数”: 从“double”转换到“int”，可能丢失数据
d:\桌面\workfiles\codefiles\filing\myprojects\fifa\fifa开发文件\第二部分：球员交流文件\第二部分：球员交流文件\源.cpp(777): warning C4244: “参数”: 从“double”转换到“int”，可能丢失数据
d:\桌面\workfiles\codefiles\filing\myprojects\fifa\fifa开发文件\第二部分：球员交流文件\第二部分：球员交流文件\源.cpp(780): warning C4244: “参数”: 从“double”转换到“int”，可能丢失数据
d:\桌面\workfiles\codefiles\filing\myprojects\fifa\fifa开发文件\第二部分：球员交流文件\第二部分：球员交流文件\源.cpp(781): warning C4244: “参数”: 从“double”转换到“int”，可能丢失数据
d:\桌面\workfiles\codefiles\filing\myprojects\fifa\fifa开发文件\第二部分：球员交流文件\第二部分：球员交流文件\源.cpp(1114): warning C4244: “参数”: 从“double”转换到“float”，可能丢失数据
d:\桌面\workfiles\codefiles\filing\myprojects\fifa\fifa开发文件\第二部分：球员交流文件\第二部分：球员交流文件\源.cpp(1115): warning C4244: “参数”: 从“double”转换到“float”，可能丢失数据
d:\桌面\workfiles\codefiles\filing\myprojects\fifa\fifa开发文件\第二部分：球员交流文件\第二部分：球员交流文件\源.cpp(1124): warning C4244: “参数”: 从“double”转换到“float”，可能丢失数据
d:\桌面\workfiles\codefiles\filing\myprojects\fifa\fifa开发文件\第二部分：球员交流文件\第二部分：球员交流文件\源.cpp(1125): warning C4244: “参数”: 从“double”转换到“float”，可能丢失数据
d:\桌面\workfiles\codefiles\filing\myprojects\fifa\fifa开发文件\第二部分：球员交流文件\第二部分：球员交流文件\源.cpp(1215): warning C4244: “=”: 从“double”转换到“LONG”，可能丢失数据
d:\桌面\workfiles\codefiles\filing\myprojects\fifa\fifa开发文件\第二部分：球员交流文件\第二部分：球员交流文件\源.cpp(1216): warning C4244: “=”: 从“double”转换到“LONG”，可能丢失数据
d:\桌面\workfiles\codefiles\filing\myprojects\fifa\fifa开发文件\第二部分：球员交流文件\第二部分：球员交流文件\源.cpp(1217): warning C4244: “=”: 从“double”转换到“LONG”，可能丢失数据
d:\桌面\workfiles\codefiles\filing\myprojects\fifa\fifa开发文件\第二部分：球员交流文件\第二部分：球员交流文件\源.cpp(1218): warning C4244: “=”: 从“double”转换到“LONG”，可能丢失数据
d:\桌面\workfiles\codefiles\filing\myprojects\fifa\fifa开发文件\第二部分：球员交流文件\第二部分：球员交流文件\源.cpp(1232): warning C4244: “=”: 从“double”转换到“LONG”，可能丢失数据
d:\桌面\workfiles\codefiles\filing\myprojects\fifa\fifa开发文件\第二部分：球员交流文件\第二部分：球员交流文件\源.cpp(1233): warning C4244: “=”: 从“double”转换到“LONG”，可能丢失数据
d:\桌面\workfiles\codefiles\filing\myprojects\fifa\fifa开发文件\第二部分：球员交流文件\第二部分：球员交流文件\源.cpp(1234): warning C4244: “=”: 从“double”转换到“LONG”，可能丢失数据
d:\桌面\workfiles\codefiles\filing\myprojects\fifa\fifa开发文件\第二部分：球员交流文件\第二部分：球员交流文件\源.cpp(1235): warning C4244: “=”: 从“double”转换到“LONG”，可能丢失数据
d:\桌面\workfiles\codefiles\filing\myprojects\fifa\fifa开发文件\第二部分：球员交流文件\第二部分：球员交流文件\源.cpp(1247): warning C4244: “=”: 从“double”转换到“LONG”，可能丢失数据
d:\桌面\workfiles\codefiles\filing\myprojects\fifa\fifa开发文件\第二部分：球员交流文件\第二部分：球员交流文件\源.cpp(1248): warning C4244: “=”: 从“double”转换到“LONG”，可能丢失数据
d:\桌面\workfiles\codefiles\filing\myprojects\fifa\fifa开发文件\第二部分：球员交流文件\第二部分：球员交流文件\源.cpp(1249): warning C4244: “=”: 从“double”转换到“LONG”，可能丢失数据
d:\桌面\workfiles\codefiles\filing\myprojects\fifa\fifa开发文件\第二部分：球员交流文件\第二部分：球员交流文件\源.cpp(1250): warning C4244: “=”: 从“double”转换到“LONG”，可能丢失数据
d:\桌面\workfiles\codefiles\filing\myprojects\fifa\fifa开发文件\第二部分：球员交流文件\第二部分：球员交流文件\源.cpp(1251): warning C4244: “=”: 从“double”转换到“LONG”，可能丢失数据
d:\桌面\workfiles\codefiles\filing\myprojects\fifa\fifa开发文件\第二部分：球员交流文件\第二部分：球员交流文件\源.cpp(1252): warning C4244: “=”: 从“double”转换到“LONG”，可能丢失数据
d:\桌面\workfiles\codefiles\filing\myprojects\fifa\fifa开发文件\第二部分：球员交流文件\第二部分：球员交流文件\源.cpp(1253): warning C4244: “=”: 从“double”转换到“LONG”，可能丢失数据
d:\桌面\workfiles\codefiles\filing\myprojects\fifa\fifa开发文件\第二部分：球员交流文件\第二部分：球员交流文件\源.cpp(1254): warning C4244: “=”: 从“double”转换到“LONG”，可能丢失数据
d:\桌面\workfiles\codefiles\filing\myprojects\fifa\fifa开发文件\第二部分：球员交流文件\第二部分：球员交流文件\源.cpp(1390): warning C4244: “=”: 从“double”转换到“int”，可能丢失数据
d:\桌面\workfiles\codefiles\filing\myprojects\fifa\fifa开发文件\第二部分：球员交流文件\第二部分：球员交流文件\源.cpp(1392): warning C4244: “=”: 从“double”转换到“int”，可能丢失数据
d:\桌面\workfiles\codefiles\filing\myprojects\fifa\fifa开发文件\第二部分：球员交流文件\第二部分：球员交流文件\源.cpp(1398): warning C4244: “参数”: 从“double”转换到“int”，可能丢失数据
d:\桌面\workfiles\codefiles\filing\myprojects\fifa\fifa开发文件\第二部分：球员交流文件\第二部分：球员交流文件\源.cpp(1402): warning C4244: “参数”: 从“double”转换到“int”，可能丢失数据
d:\桌面\workfiles\codefiles\filing\myprojects\fifa\fifa开发文件\第二部分：球员交流文件\第二部分：球员交流文件\源.cpp(1406): warning C4244: “参数”: 从“double”转换到“int”，可能丢失数据
d:\桌面\workfiles\codefiles\filing\myprojects\fifa\fifa开发文件\第二部分：球员交流文件\第二部分：球员交流文件\源.cpp(1410): warning C4244: “参数”: 从“double”转换到“int”，可能丢失数据
  第二部分：球员交流文件.vcxproj -> D:\桌面\Workfiles\CodeFiles\Filing\MyProjects\FIFA\FIFA开发文件\第二部分：球员交流文件\Debug\第二部分：球员交流文件.exe
